2025-04-05-19:06:46 | ERROR | org.oxt.toolbox.visualization.VisualizerImpl (VisualizerImpl.java:116) | cvc-elt.1.a: Deklaration des Elements "rsm:CrossIndustryInvoice" kann nicht gefunden werden.

2025-04-18-12:13:52 | ERROR | org.oxt.toolbox.visualization.VisualizerImpl (VisualizerImpl.java:116) | cvc-elt.1.a: Deklaration des Elements "rsm:CrossIndustryInvoice" kann nicht gefunden werden.
2025-04-18-12:13:52 | ERROR | org.oxt.toolbox.visualization.VisualizerImpl (VisualizerImpl.java:116) | cvc-elt.1.a: Deklaration des Elements "rsm:CrossIndustryInvoice" kann nicht gefunden werden.
2025-04-18-12:59:21 | ERROR | org.oxt.toolbox.visualization.VisualizerImpl (VisualizerImpl.java:116) | cvc-elt.1.a: Deklaration des Elements "rsm:CrossIndustryInvoice" kann nicht gefunden werden.
2025-04-18-12:59:21 | ERROR | org.oxt.toolbox.visualization.VisualizerImpl (VisualizerImpl.java:116) | cvc-elt.1.a: Deklaration des Elements "rsm:CrossIndustryInvoice" kann nicht gefunden werden.
2025-04-18-12:59:21 | ERROR | org.oxt.toolbox.visualization.VisualizerImpl (VisualizerImpl.java:116) | cvc-datatype-valid.1.2.1: '' ist kein gültiger Wert für 'decimal'.
2025-04-18-13:01:04 | ERROR | org.oxt.toolbox.visualization.VisualizerImpl (VisualizerImpl.java:116) | cvc-elt.1.a: Deklaration des Elements "rsm:CrossIndustryInvoice" kann nicht gefunden werden.
2025-04-18-13:01:04 | ERROR | org.oxt.toolbox.visualization.VisualizerImpl (VisualizerImpl.java:116) | cvc-elt.1.a: Deklaration des Elements "rsm:CrossIndustryInvoice" kann nicht gefunden werden.
2025-04-18-13:04:10 | ERROR | org.oxt.toolbox.visualization.VisualizerImpl (VisualizerImpl.java:116) | cvc-elt.1.a: Deklaration des Elements "rsm:CrossIndustryInvoice" kann nicht gefunden werden.
2025-04-18-13:04:10 | ERROR | org.oxt.toolbox.visualization.VisualizerImpl (VisualizerImpl.java:116) | cvc-elt.1.a: Deklaration des Elements "rsm:CrossIndustryInvoice" kann nicht gefunden werden.
2025-04-18-13:04:10 | ERROR | org.oxt.toolbox.visualization.VisualizerImpl (VisualizerImpl.java:116) | cvc-datatype-valid.1.2.1: '' ist kein gültiger Wert für 'decimal'.
2025-04-18-13:04:41 | ERROR | org.oxt.toolbox.visualization.VisualizerImpl (VisualizerImpl.java:116) | cvc-elt.1.a: Deklaration des Elements "rsm:CrossIndustryInvoice" kann nicht gefunden werden.
2025-04-18-13:04:41 | ERROR | org.oxt.toolbox.visualization.VisualizerImpl (VisualizerImpl.java:116) | cvc-elt.1.a: Deklaration des Elements "rsm:CrossIndustryInvoice" kann nicht gefunden werden.
2025-04-18-13:05:04 | ERROR | org.oxt.toolbox.visualization.VisualizerImpl (VisualizerImpl.java:116) | cvc-elt.1.a: Deklaration des Elements "rsm:CrossIndustryInvoice" kann nicht gefunden werden.
2025-04-18-13:05:04 | ERROR | org.oxt.toolbox.visualization.VisualizerImpl (VisualizerImpl.java:116) | cvc-elt.1.a: Deklaration des Elements "rsm:CrossIndustryInvoice" kann nicht gefunden werden.
2025-04-18-13:05:29 | ERROR | org.oxt.toolbox.visualization.VisualizerImpl (VisualizerImpl.java:116) | cvc-elt.1.a: Deklaration des Elements "rsm:CrossIndustryInvoice" kann nicht gefunden werden.
2025-04-18-13:05:29 | ERROR | org.oxt.toolbox.visualization.VisualizerImpl (VisualizerImpl.java:116) | cvc-elt.1.a: Deklaration des Elements "rsm:CrossIndustryInvoice" kann nicht gefunden werden.
2025-04-18-13:10:43 | ERROR | org.oxt.toolbox.visualization.VisualizerImpl (VisualizerImpl.java:116) | cvc-elt.1.a: Deklaration des Elements "rsm:CrossIndustryInvoice" kann nicht gefunden werden.
2025-04-18-13:10:43 | ERROR | org.oxt.toolbox.visualization.VisualizerImpl (VisualizerImpl.java:116) | cvc-elt.1.a: Deklaration des Elements "rsm:CrossIndustryInvoice" kann nicht gefunden werden.
2025-04-18-13:13:53 | ERROR | org.oxt.toolbox.visualization.VisualizerImpl (VisualizerImpl.java:116) | cvc-elt.1.a: Deklaration des Elements "rsm:CrossIndustryInvoice" kann nicht gefunden werden.
2025-04-18-13:13:53 | ERROR | org.oxt.toolbox.visualization.VisualizerImpl (VisualizerImpl.java:116) | cvc-elt.1.a: Deklaration des Elements "rsm:CrossIndustryInvoice" kann nicht gefunden werden.
2025-04-18-13:14:10 | ERROR | org.oxt.toolbox.visualization.VisualizerImpl (VisualizerImpl.java:116) | cvc-elt.1.a: Deklaration des Elements "rsm:CrossIndustryInvoice" kann nicht gefunden werden.
2025-04-18-13:14:10 | ERROR | org.oxt.toolbox.visualization.VisualizerImpl (VisualizerImpl.java:116) | cvc-elt.1.a: Deklaration des Elements "rsm:CrossIndustryInvoice" kann nicht gefunden werden.
2025-04-18-13:14:10 | ERROR | org.oxt.toolbox.visualization.VisualizerImpl (VisualizerImpl.java:116) | cvc-datatype-valid.1.2.1: '' ist kein gültiger Wert für 'decimal'.
2025-04-18-13:22:13 | ERROR | org.oxt.toolbox.visualization.VisualizerImpl (VisualizerImpl.java:116) | cvc-elt.1.a: Deklaration des Elements "rsm:CrossIndustryInvoice" kann nicht gefunden werden.
2025-04-18-13:22:13 | ERROR | org.oxt.toolbox.visualization.VisualizerImpl (VisualizerImpl.java:116) | cvc-elt.1.a: Deklaration des Elements "rsm:CrossIndustryInvoice" kann nicht gefunden werden.
2025-04-18-13:28:54 | ERROR | org.oxt.toolbox.visualization.VisualizerImpl (VisualizerImpl.java:116) | cvc-elt.1.a: Deklaration des Elements "rsm:CrossIndustryInvoice" kann nicht gefunden werden.
2025-04-18-13:28:55 | ERROR | org.oxt.toolbox.visualization.VisualizerImpl (VisualizerImpl.java:116) | cvc-elt.1.a: Deklaration des Elements "rsm:CrossIndustryInvoice" kann nicht gefunden werden.
2025-04-18-13:30:27 | ERROR | org.oxt.toolbox.visualization.VisualizerImpl (VisualizerImpl.java:116) | cvc-elt.1.a: Deklaration des Elements "rsm:CrossIndustryInvoice" kann nicht gefunden werden.
2025-04-18-13:30:27 | ERROR | org.oxt.toolbox.visualization.VisualizerImpl (VisualizerImpl.java:116) | cvc-elt.1.a: Deklaration des Elements "rsm:CrossIndustryInvoice" kann nicht gefunden werden.
2025-04-18-13:33:01 | ERROR | org.oxt.toolbox.visualization.VisualizerImpl (VisualizerImpl.java:116) | cvc-elt.1.a: Deklaration des Elements "rsm:CrossIndustryInvoice" kann nicht gefunden werden.
2025-04-18-13:33:01 | ERROR | org.oxt.toolbox.visualization.VisualizerImpl (VisualizerImpl.java:116) | cvc-elt.1.a: Deklaration des Elements "rsm:CrossIndustryInvoice" kann nicht gefunden werden.
2025-04-18-13:33:53 | ERROR | org.oxt.toolbox.visualization.VisualizerImpl (VisualizerImpl.java:116) | cvc-elt.1.a: Deklaration des Elements "rsm:CrossIndustryInvoice" kann nicht gefunden werden.
2025-04-18-13:33:54 | ERROR | org.oxt.toolbox.visualization.VisualizerImpl (VisualizerImpl.java:116) | cvc-elt.1.a: Deklaration des Elements "rsm:CrossIndustryInvoice" kann nicht gefunden werden.
2025-04-18-13:34:48 | ERROR | org.oxt.toolbox.visualization.VisualizerImpl (VisualizerImpl.java:116) | cvc-elt.1.a: Deklaration des Elements "rsm:CrossIndustryInvoice" kann nicht gefunden werden.
2025-04-18-13:34:48 | ERROR | org.oxt.toolbox.visualization.VisualizerImpl (VisualizerImpl.java:116) | cvc-elt.1.a: Deklaration des Elements "rsm:CrossIndustryInvoice" kann nicht gefunden werden.
2025-04-18-13:35:48 | ERROR | org.oxt.toolbox.visualization.VisualizerImpl (VisualizerImpl.java:116) | cvc-elt.1.a: Deklaration des Elements "rsm:CrossIndustryInvoice" kann nicht gefunden werden.
2025-04-18-13:35:48 | ERROR | org.oxt.toolbox.visualization.VisualizerImpl (VisualizerImpl.java:116) | cvc-elt.1.a: Deklaration des Elements "rsm:CrossIndustryInvoice" kann nicht gefunden werden.
2025-04-18-13:35:48 | ERROR | org.oxt.toolbox.visualization.VisualizerImpl (VisualizerImpl.java:116) | cvc-datatype-valid.1.2.1: '' ist kein gültiger Wert für 'decimal'.
2025-04-18-14:16:35 | ERROR | org.oxt.toolbox.visualization.VisualizerImpl (VisualizerImpl.java:116) | cvc-elt.1.a: Deklaration des Elements "rsm:CrossIndustryInvoice" kann nicht gefunden werden.
2025-04-18-14:16:35 | ERROR | org.oxt.toolbox.visualization.VisualizerImpl (VisualizerImpl.java:116) | cvc-elt.1.a: Deklaration des Elements "rsm:CrossIndustryInvoice" kann nicht gefunden werden.
2025-04-18-14:21:17 | ERROR | org.oxt.toolbox.visualization.VisualizerImpl (VisualizerImpl.java:116) | cvc-elt.1.a: Deklaration des Elements "rsm:CrossIndustryInvoice" kann nicht gefunden werden.
2025-04-18-14:21:17 | ERROR | org.oxt.toolbox.visualization.VisualizerImpl (VisualizerImpl.java:116) | cvc-elt.1.a: Deklaration des Elements "rsm:CrossIndustryInvoice" kann nicht gefunden werden.
2025-04-18-14:21:17 | ERROR | org.oxt.toolbox.visualization.VisualizerImpl (VisualizerImpl.java:116) | cvc-datatype-valid.1.2.1: '' ist kein gültiger Wert für 'decimal'.
2025-04-18-14:22:13 | ERROR | org.oxt.toolbox.visualization.VisualizerImpl (VisualizerImpl.java:116) | cvc-elt.1.a: Deklaration des Elements "rsm:CrossIndustryInvoice" kann nicht gefunden werden.
2025-04-18-14:22:13 | ERROR | org.oxt.toolbox.visualization.VisualizerImpl (VisualizerImpl.java:116) | cvc-elt.1.a: Deklaration des Elements "rsm:CrossIndustryInvoice" kann nicht gefunden werden.
2025-04-18-14:22:13 | ERROR | org.oxt.toolbox.visualization.VisualizerImpl (VisualizerImpl.java:116) | cvc-datatype-valid.1.2.1: '' ist kein gültiger Wert für 'decimal'.
2025-04-18-14:40:17 | ERROR | org.oxt.toolbox.visualization.VisualizerImpl (VisualizerImpl.java:116) | cvc-elt.1.a: Deklaration des Elements "rsm:CrossIndustryInvoice" kann nicht gefunden werden.
2025-04-18-14:40:17 | ERROR | org.oxt.toolbox.visualization.VisualizerImpl (VisualizerImpl.java:116) | cvc-elt.1.a: Deklaration des Elements "rsm:CrossIndustryInvoice" kann nicht gefunden werden.
2025-04-18-14:42:11 | ERROR | org.oxt.toolbox.visualization.VisualizerImpl (VisualizerImpl.java:116) | cvc-elt.1.a: Deklaration des Elements "rsm:CrossIndustryInvoice" kann nicht gefunden werden.
2025-04-18-14:42:11 | ERROR | org.oxt.toolbox.visualization.VisualizerImpl (VisualizerImpl.java:116) | cvc-elt.1.a: Deklaration des Elements "rsm:CrossIndustryInvoice" kann nicht gefunden werden.
2025-04-18-14:45:16 | ERROR | org.oxt.toolbox.visualization.VisualizerImpl (VisualizerImpl.java:116) | cvc-elt.1.a: Deklaration des Elements "rsm:CrossIndustryInvoice" kann nicht gefunden werden.
2025-04-18-14:45:16 | ERROR | org.oxt.toolbox.visualization.VisualizerImpl (VisualizerImpl.java:116) | cvc-elt.1.a: Deklaration des Elements "rsm:CrossIndustryInvoice" kann nicht gefunden werden.
2025-04-18-14:52:05 | ERROR | org.oxt.toolbox.visualization.VisualizerImpl (VisualizerImpl.java:116) | cvc-elt.1.a: Deklaration des Elements "rsm:CrossIndustryInvoice" kann nicht gefunden werden.
2025-04-18-14:52:05 | ERROR | org.oxt.toolbox.visualization.VisualizerImpl (VisualizerImpl.java:116) | cvc-elt.1.a: Deklaration des Elements "rsm:CrossIndustryInvoice" kann nicht gefunden werden.
2025-04-18-14:52:05 | ERROR | org.oxt.toolbox.visualization.VisualizerImpl (VisualizerImpl.java:116) | cvc-datatype-valid.1.2.1: '' ist kein gültiger Wert für 'decimal'.
2025-04-18-14:52:54 | ERROR | org.oxt.toolbox.visualization.VisualizerImpl (VisualizerImpl.java:116) | cvc-elt.1.a: Deklaration des Elements "rsm:CrossIndustryInvoice" kann nicht gefunden werden.
2025-04-18-14:52:55 | ERROR | org.oxt.toolbox.visualization.VisualizerImpl (VisualizerImpl.java:116) | cvc-elt.1.a: Deklaration des Elements "rsm:CrossIndustryInvoice" kann nicht gefunden werden.
2025-04-18-14:52:55 | ERROR | org.oxt.toolbox.visualization.VisualizerImpl (VisualizerImpl.java:116) | cvc-datatype-valid.1.2.1: '' ist kein gültiger Wert für 'decimal'.
2025-04-18-14:53:43 | ERROR | org.oxt.toolbox.visualization.VisualizerImpl (VisualizerImpl.java:116) | cvc-elt.1.a: Deklaration des Elements "rsm:CrossIndustryInvoice" kann nicht gefunden werden.
2025-04-18-14:53:43 | ERROR | org.oxt.toolbox.visualization.VisualizerImpl (VisualizerImpl.java:116) | cvc-elt.1.a: Deklaration des Elements "rsm:CrossIndustryInvoice" kann nicht gefunden werden.
2025-04-18-14:54:45 | ERROR | org.oxt.toolbox.visualization.VisualizerImpl (VisualizerImpl.java:116) | cvc-elt.1.a: Deklaration des Elements "rsm:CrossIndustryInvoice" kann nicht gefunden werden.
2025-04-18-14:54:45 | ERROR | org.oxt.toolbox.visualization.VisualizerImpl (VisualizerImpl.java:116) | cvc-elt.1.a: Deklaration des Elements "rsm:CrossIndustryInvoice" kann nicht gefunden werden.
2025-04-18-14:55:06 | ERROR | org.oxt.toolbox.visualization.VisualizerImpl (VisualizerImpl.java:116) | cvc-elt.1.a: Deklaration des Elements "rsm:CrossIndustryInvoice" kann nicht gefunden werden.
2025-04-18-14:55:06 | ERROR | org.oxt.toolbox.visualization.VisualizerImpl (VisualizerImpl.java:116) | cvc-elt.1.a: Deklaration des Elements "rsm:CrossIndustryInvoice" kann nicht gefunden werden.
2025-04-18-14:59:33 | ERROR | org.oxt.toolbox.visualization.VisualizerImpl (VisualizerImpl.java:116) | cvc-elt.1.a: Deklaration des Elements "rsm:CrossIndustryInvoice" kann nicht gefunden werden.
2025-04-18-14:59:33 | ERROR | org.oxt.toolbox.visualization.VisualizerImpl (VisualizerImpl.java:116) | cvc-elt.1.a: Deklaration des Elements "rsm:CrossIndustryInvoice" kann nicht gefunden werden.
2025-04-18-17:36:45 | ERROR | org.oxt.toolbox.visualization.VisualizerImpl (VisualizerImpl.java:116) | cvc-elt.1.a: Deklaration des Elements "rsm:CrossIndustryInvoice" kann nicht gefunden werden.
2025-04-18-17:36:45 | ERROR | org.oxt.toolbox.visualization.VisualizerImpl (VisualizerImpl.java:116) | cvc-elt.1.a: Deklaration des Elements "rsm:CrossIndustryInvoice" kann nicht gefunden werden.
2025-04-18-17:37:56 | ERROR | org.oxt.toolbox.visualization.VisualizerImpl (VisualizerImpl.java:116) | cvc-elt.1.a: Deklaration des Elements "rsm:CrossIndustryInvoice" kann nicht gefunden werden.
2025-04-18-17:37:56 | ERROR | org.oxt.toolbox.visualization.VisualizerImpl (VisualizerImpl.java:116) | cvc-elt.1.a: Deklaration des Elements "rsm:CrossIndustryInvoice" kann nicht gefunden werden.
2025-04-18-17:38:19 | ERROR | org.oxt.toolbox.visualization.VisualizerImpl (VisualizerImpl.java:116) | cvc-elt.1.a: Deklaration des Elements "rsm:CrossIndustryInvoice" kann nicht gefunden werden.
2025-04-18-17:38:19 | ERROR | org.oxt.toolbox.visualization.VisualizerImpl (VisualizerImpl.java:116) | cvc-elt.1.a: Deklaration des Elements "rsm:CrossIndustryInvoice" kann nicht gefunden werden.
2025-04-18-17:38:33 | ERROR | org.oxt.toolbox.visualization.VisualizerImpl (VisualizerImpl.java:116) | cvc-elt.1.a: Deklaration des Elements "rsm:CrossIndustryInvoice" kann nicht gefunden werden.
2025-04-18-17:38:33 | ERROR | org.oxt.toolbox.visualization.VisualizerImpl (VisualizerImpl.java:116) | cvc-elt.1.a: Deklaration des Elements "rsm:CrossIndustryInvoice" kann nicht gefunden werden.
2025-04-18-17:38:33 | ERROR | org.oxt.toolbox.visualization.VisualizerImpl (VisualizerImpl.java:116) | cvc-datatype-valid.1.2.1: '' ist kein gültiger Wert für 'decimal'.
2025-04-18-17:39:10 | ERROR | org.oxt.toolbox.visualization.VisualizerImpl (VisualizerImpl.java:116) | cvc-elt.1.a: Deklaration des Elements "rsm:CrossIndustryInvoice" kann nicht gefunden werden.
2025-04-18-17:39:10 | ERROR | org.oxt.toolbox.visualization.VisualizerImpl (VisualizerImpl.java:116) | cvc-elt.1.a: Deklaration des Elements "rsm:CrossIndustryInvoice" kann nicht gefunden werden.
2025-04-18-17:39:52 | ERROR | org.oxt.toolbox.visualization.VisualizerImpl (VisualizerImpl.java:116) | cvc-elt.1.a: Deklaration des Elements "rsm:CrossIndustryInvoice" kann nicht gefunden werden.
2025-04-18-17:39:52 | ERROR | org.oxt.toolbox.visualization.VisualizerImpl (VisualizerImpl.java:116) | cvc-elt.1.a: Deklaration des Elements "rsm:CrossIndustryInvoice" kann nicht gefunden werden.
2025-04-18-17:43:10 | ERROR | org.oxt.toolbox.visualization.VisualizerImpl (VisualizerImpl.java:116) | cvc-elt.1.a: Deklaration des Elements "rsm:CrossIndustryInvoice" kann nicht gefunden werden.
2025-04-18-17:43:10 | ERROR | org.oxt.toolbox.visualization.VisualizerImpl (VisualizerImpl.java:116) | cvc-elt.1.a: Deklaration des Elements "rsm:CrossIndustryInvoice" kann nicht gefunden werden.
2025-04-18-18:15:28 | ERROR | org.oxt.toolbox.visualization.VisualizerImpl (VisualizerImpl.java:116) | cvc-elt.1.a: Deklaration des Elements "rsm:CrossIndustryInvoice" kann nicht gefunden werden.
2025-04-18-18:15:28 | ERROR | org.oxt.toolbox.visualization.VisualizerImpl (VisualizerImpl.java:116) | cvc-elt.1.a: Deklaration des Elements "rsm:CrossIndustryInvoice" kann nicht gefunden werden.
2025-04-18-18:25:57 | ERROR | org.oxt.toolbox.visualization.VisualizerImpl (VisualizerImpl.java:116) | cvc-elt.1.a: Deklaration des Elements "rsm:CrossIndustryInvoice" kann nicht gefunden werden.
2025-04-18-18:25:58 | ERROR | org.oxt.toolbox.visualization.VisualizerImpl (VisualizerImpl.java:116) | cvc-elt.1.a: Deklaration des Elements "rsm:CrossIndustryInvoice" kann nicht gefunden werden.
2025-04-18-18:34:12 | ERROR | org.oxt.toolbox.visualization.VisualizerImpl (VisualizerImpl.java:116) | cvc-elt.1.a: Deklaration des Elements "rsm:CrossIndustryInvoice" kann nicht gefunden werden.
2025-04-18-18:34:12 | ERROR | org.oxt.toolbox.visualization.VisualizerImpl (VisualizerImpl.java:116) | cvc-elt.1.a: Deklaration des Elements "rsm:CrossIndustryInvoice" kann nicht gefunden werden.
2025-04-19-00:10:47 | ERROR | org.oxt.toolbox.visualization.VisualizerImpl (VisualizerImpl.java:116) | cvc-elt.1.a: Deklaration des Elements "rsm:CrossIndustryInvoice" kann nicht gefunden werden.
2025-04-19-00:10:47 | ERROR | org.oxt.toolbox.visualization.VisualizerImpl (VisualizerImpl.java:116) | cvc-elt.1.a: Deklaration des Elements "rsm:CrossIndustryInvoice" kann nicht gefunden werden.
2025-04-19-17:11:12 | ERROR | org.oxt.toolbox.visualization.VisualizerImpl (VisualizerImpl.java:116) | cvc-elt.1.a: Deklaration des Elements "rsm:CrossIndustryInvoice" kann nicht gefunden werden.
2025-04-19-17:11:12 | ERROR | org.oxt.toolbox.visualization.VisualizerImpl (VisualizerImpl.java:116) | cvc-elt.1.a: Deklaration des Elements "rsm:CrossIndustryInvoice" kann nicht gefunden werden.
2025-04-19-18:20:55 | ERROR | org.oxt.toolbox.visualization.VisualizerImpl (VisualizerImpl.java:116) | cvc-elt.1.a: Deklaration des Elements "rsm:CrossIndustryInvoice" kann nicht gefunden werden.
2025-04-19-18:20:55 | ERROR | org.oxt.toolbox.visualization.VisualizerImpl (VisualizerImpl.java:116) | cvc-elt.1.a: Deklaration des Elements "rsm:CrossIndustryInvoice" kann nicht gefunden werden.
2025-04-19-21:32:14 | ERROR | org.oxt.toolbox.visualization.VisualizerImpl (VisualizerImpl.java:116) | cvc-elt.1.a: Deklaration des Elements "rsm:CrossIndustryInvoice" kann nicht gefunden werden.
2025-04-19-21:32:14 | ERROR | org.oxt.toolbox.visualization.VisualizerImpl (VisualizerImpl.java:116) | cvc-elt.1.a: Deklaration des Elements "rsm:CrossIndustryInvoice" kann nicht gefunden werden.
2025-04-19-21:44:18 | ERROR | org.oxt.toolbox.visualization.VisualizerImpl (VisualizerImpl.java:116) | cvc-elt.1.a: Deklaration des Elements "rsm:CrossIndustryInvoice" kann nicht gefunden werden.
2025-04-19-21:44:18 | ERROR | org.oxt.toolbox.visualization.VisualizerImpl (VisualizerImpl.java:116) | cvc-elt.1.a: Deklaration des Elements "rsm:CrossIndustryInvoice" kann nicht gefunden werden.
2025-04-19-22:07:39 | ERROR | org.oxt.toolbox.visualization.VisualizerImpl (VisualizerImpl.java:116) | cvc-elt.1.a: Deklaration des Elements "rsm:CrossIndustryInvoice" kann nicht gefunden werden.
2025-04-19-22:07:39 | ERROR | org.oxt.toolbox.visualization.VisualizerImpl (VisualizerImpl.java:116) | cvc-elt.1.a: Deklaration des Elements "rsm:CrossIndustryInvoice" kann nicht gefunden werden.
2025-04-19-22:39:44 | ERROR | org.oxt.toolbox.visualization.VisualizerImpl (VisualizerImpl.java:116) | cvc-elt.1.a: Deklaration des Elements "rsm:CrossIndustryInvoice" kann nicht gefunden werden.
2025-04-19-22:39:44 | ERROR | org.oxt.toolbox.visualization.VisualizerImpl (VisualizerImpl.java:116) | cvc-elt.1.a: Deklaration des Elements "rsm:CrossIndustryInvoice" kann nicht gefunden werden.
2025-04-19-22:41:10 | ERROR | org.oxt.toolbox.visualization.VisualizerImpl (VisualizerImpl.java:116) | cvc-elt.1.a: Deklaration des Elements "rsm:CrossIndustryInvoice" kann nicht gefunden werden.
2025-04-19-22:41:10 | ERROR | org.oxt.toolbox.visualization.VisualizerImpl (VisualizerImpl.java:116) | cvc-elt.1.a: Deklaration des Elements "rsm:CrossIndustryInvoice" kann nicht gefunden werden.
2025-04-20-14:03:50 | ERROR | org.oxt.toolbox.visualization.VisualizerImpl (VisualizerImpl.java:116) | cvc-elt.1.a: Deklaration des Elements "rsm:CrossIndustryInvoice" kann nicht gefunden werden.
2025-04-20-14:03:50 | ERROR | org.oxt.toolbox.visualization.VisualizerImpl (VisualizerImpl.java:116) | cvc-elt.1.a: Deklaration des Elements "rsm:CrossIndustryInvoice" kann nicht gefunden werden.
2025-04-20-14:16:23 | ERROR | org.oxt.toolbox.visualization.VisualizerImpl (VisualizerImpl.java:116) | cvc-elt.1.a: Deklaration des Elements "rsm:CrossIndustryInvoice" kann nicht gefunden werden.
2025-04-20-14:16:23 | ERROR | org.oxt.toolbox.visualization.VisualizerImpl (VisualizerImpl.java:116) | cvc-elt.1.a: Deklaration des Elements "rsm:CrossIndustryInvoice" kann nicht gefunden werden.
2025-04-20-14:28:37 | ERROR | org.oxt.toolbox.visualization.VisualizerImpl (VisualizerImpl.java:116) | cvc-elt.1.a: Deklaration des Elements "rsm:CrossIndustryInvoice" kann nicht gefunden werden.
2025-04-20-14:28:37 | ERROR | org.oxt.toolbox.visualization.VisualizerImpl (VisualizerImpl.java:116) | cvc-elt.1.a: Deklaration des Elements "rsm:CrossIndustryInvoice" kann nicht gefunden werden.
2025-04-20-14:31:07 | ERROR | org.oxt.toolbox.visualization.VisualizerImpl (VisualizerImpl.java:116) | cvc-elt.1.a: Deklaration des Elements "rsm:CrossIndustryInvoice" kann nicht gefunden werden.
2025-04-20-14:31:08 | ERROR | org.oxt.toolbox.visualization.VisualizerImpl (VisualizerImpl.java:116) | cvc-elt.1.a: Deklaration des Elements "rsm:CrossIndustryInvoice" kann nicht gefunden werden.
2025-04-21-12:00:33 | ERROR | org.oxt.toolbox.visualization.VisualizerImpl (VisualizerImpl.java:116) | cvc-elt.1.a: Deklaration des Elements "rsm:CrossIndustryInvoice" kann nicht gefunden werden.
2025-04-21-12:00:33 | ERROR | org.oxt.toolbox.visualization.VisualizerImpl (VisualizerImpl.java:116) | cvc-elt.1.a: Deklaration des Elements "rsm:CrossIndustryInvoice" kann nicht gefunden werden.
2025-04-21-12:00:40 | ERROR | org.oxt.toolbox.visualization.VisualizerImpl (VisualizerImpl.java:116) | cvc-elt.1.a: Deklaration des Elements "rsm:CrossIndustryInvoice" kann nicht gefunden werden.
2025-04-21-12:00:40 | ERROR | org.oxt.toolbox.visualization.VisualizerImpl (VisualizerImpl.java:116) | cvc-elt.1.a: Deklaration des Elements "rsm:CrossIndustryInvoice" kann nicht gefunden werden.
2025-04-21-12:01:48 | ERROR | org.oxt.toolbox.visualization.VisualizerImpl (VisualizerImpl.java:116) | cvc-elt.1.a: Deklaration des Elements "rsm:CrossIndustryInvoice" kann nicht gefunden werden.
2025-04-21-12:01:48 | ERROR | org.oxt.toolbox.visualization.VisualizerImpl (VisualizerImpl.java:116) | cvc-elt.1.a: Deklaration des Elements "rsm:CrossIndustryInvoice" kann nicht gefunden werden.
2025-04-21-12:03:07 | ERROR | org.oxt.toolbox.visualization.VisualizerImpl (VisualizerImpl.java:116) | cvc-elt.1.a: Deklaration des Elements "rsm:CrossIndustryInvoice" kann nicht gefunden werden.
2025-04-21-12:03:07 | ERROR | org.oxt.toolbox.visualization.VisualizerImpl (VisualizerImpl.java:116) | cvc-elt.1.a: Deklaration des Elements "rsm:CrossIndustryInvoice" kann nicht gefunden werden.
2025-04-21-12:03:33 | ERROR | org.oxt.toolbox.visualization.VisualizerImpl (VisualizerImpl.java:116) | cvc-elt.1.a: Deklaration des Elements "rsm:CrossIndustryInvoice" kann nicht gefunden werden.
2025-04-21-12:03:33 | ERROR | org.oxt.toolbox.visualization.VisualizerImpl (VisualizerImpl.java:116) | cvc-elt.1.a: Deklaration des Elements "rsm:CrossIndustryInvoice" kann nicht gefunden werden.
2025-04-21-12:04:45 | ERROR | org.oxt.toolbox.visualization.VisualizerImpl (VisualizerImpl.java:116) | cvc-elt.1.a: Deklaration des Elements "rsm:CrossIndustryInvoice" kann nicht gefunden werden.
2025-04-21-12:04:46 | ERROR | org.oxt.toolbox.visualization.VisualizerImpl (VisualizerImpl.java:116) | cvc-elt.1.a: Deklaration des Elements "rsm:CrossIndustryInvoice" kann nicht gefunden werden.
2025-04-21-12:07:41 | ERROR | org.oxt.toolbox.visualization.VisualizerImpl (VisualizerImpl.java:116) | cvc-elt.1.a: Deklaration des Elements "rsm:CrossIndustryInvoice" kann nicht gefunden werden.
2025-04-21-12:07:41 | ERROR | org.oxt.toolbox.visualization.VisualizerImpl (VisualizerImpl.java:116) | cvc-elt.1.a: Deklaration des Elements "rsm:CrossIndustryInvoice" kann nicht gefunden werden.
2025-04-21-12:18:47 | ERROR | org.oxt.toolbox.visualization.VisualizerImpl (VisualizerImpl.java:116) | cvc-elt.1.a: Deklaration des Elements "rsm:CrossIndustryInvoice" kann nicht gefunden werden.
2025-04-21-12:18:47 | ERROR | org.oxt.toolbox.visualization.VisualizerImpl (VisualizerImpl.java:116) | cvc-elt.1.a: Deklaration des Elements "rsm:CrossIndustryInvoice" kann nicht gefunden werden.
2025-04-21-14:37:27 | ERROR | org.oxt.toolbox.visualization.VisualizerImpl (VisualizerImpl.java:116) | cvc-elt.1.a: Deklaration des Elements "rsm:CrossIndustryInvoice" kann nicht gefunden werden.
2025-04-21-14:37:27 | ERROR | org.oxt.toolbox.visualization.VisualizerImpl (VisualizerImpl.java:116) | cvc-elt.1.a: Deklaration des Elements "rsm:CrossIndustryInvoice" kann nicht gefunden werden.
2025-04-21-15:11:58 | ERROR | org.oxt.toolbox.visualization.VisualizerImpl (VisualizerImpl.java:116) | cvc-elt.1.a: Deklaration des Elements "rsm:CrossIndustryInvoice" kann nicht gefunden werden.
2025-04-21-15:11:58 | ERROR | org.oxt.toolbox.visualization.VisualizerImpl (VisualizerImpl.java:116) | cvc-elt.1.a: Deklaration des Elements "rsm:CrossIndustryInvoice" kann nicht gefunden werden.
2025-04-22-00:34:36 | ERROR | org.oxt.toolbox.visualization.VisualizerImpl (VisualizerImpl.java:116) | cvc-elt.1.a: Deklaration des Elements "rsm:CrossIndustryInvoice" kann nicht gefunden werden.
2025-04-22-00:34:36 | ERROR | org.oxt.toolbox.visualization.VisualizerImpl (VisualizerImpl.java:116) | cvc-elt.1.a: Deklaration des Elements "rsm:CrossIndustryInvoice" kann nicht gefunden werden.
2025-04-23-13:08:24 | ERROR | org.oxt.toolbox.visualization.VisualizerImpl (VisualizerImpl.java:116) | cvc-elt.1.a: Deklaration des Elements "rsm:CrossIndustryInvoice" kann nicht gefunden werden.
2025-04-23-13:08:24 | ERROR | org.oxt.toolbox.visualization.VisualizerImpl (VisualizerImpl.java:116) | cvc-elt.1.a: Deklaration des Elements "rsm:CrossIndustryInvoice" kann nicht gefunden werden.
2025-04-26-14:54:53 | ERROR | org.oxt.toolbox.visualization.VisualizerImpl (VisualizerImpl.java:116) | cvc-elt.1.a: Deklaration des Elements "rsm:CrossIndustryInvoice" kann nicht gefunden werden.
2025-04-26-14:54:53 | ERROR | org.oxt.toolbox.visualization.VisualizerImpl (VisualizerImpl.java:116) | cvc-elt.1.a: Deklaration des Elements "rsm:CrossIndustryInvoice" kann nicht gefunden werden.
2025-04-26-15:37:01 | ERROR | org.oxt.toolbox.visualization.VisualizerImpl (VisualizerImpl.java:116) | cvc-elt.1.a: Deklaration des Elements "rsm:CrossIndustryInvoice" kann nicht gefunden werden.
2025-04-26-15:37:01 | ERROR | org.oxt.toolbox.visualization.VisualizerImpl (VisualizerImpl.java:116) | cvc-elt.1.a: Deklaration des Elements "rsm:CrossIndustryInvoice" kann nicht gefunden werden.
<<<<<<< HEAD
2025-04-28-11:48:51 | ERROR | org.oxt.toolbox.visualization.VisualizerImpl (VisualizerImpl.java:116) | cvc-elt.1.a: Deklaration des Elements "rsm:CrossIndustryInvoice" kann nicht gefunden werden.
2025-04-28-11:48:51 | ERROR | org.oxt.toolbox.visualization.VisualizerImpl (VisualizerImpl.java:116) | cvc-elt.1.a: Deklaration des Elements "rsm:CrossIndustryInvoice" kann nicht gefunden werden.
2025-04-28-11:49:51 | ERROR | org.oxt.toolbox.visualization.VisualizerImpl (VisualizerImpl.java:116) | cvc-elt.1.a: Deklaration des Elements "rsm:CrossIndustryInvoice" kann nicht gefunden werden.
2025-04-28-11:49:51 | ERROR | org.oxt.toolbox.visualization.VisualizerImpl (VisualizerImpl.java:116) | cvc-elt.1.a: Deklaration des Elements "rsm:CrossIndustryInvoice" kann nicht gefunden werden.
=======
2025-04-29-13:30:01 | ERROR | org.oxt.toolbox.visualization.VisualizerImpl (VisualizerImpl.java:116) | cvc-elt.1.a: Deklaration des Elements "rsm:CrossIndustryInvoice" kann nicht gefunden werden.
2025-04-29-13:30:01 | ERROR | org.oxt.toolbox.visualization.VisualizerImpl (VisualizerImpl.java:116) | cvc-elt.1.a: Deklaration des Elements "rsm:CrossIndustryInvoice" kann nicht gefunden werden.
2025-04-29-13:30:44 | ERROR | org.oxt.toolbox.visualization.VisualizerImpl (VisualizerImpl.java:116) | cvc-elt.1.a: Deklaration des Elements "rsm:CrossIndustryInvoice" kann nicht gefunden werden.
2025-04-29-13:30:44 | ERROR | org.oxt.toolbox.visualization.VisualizerImpl (VisualizerImpl.java:116) | cvc-elt.1.a: Deklaration des Elements "rsm:CrossIndustryInvoice" kann nicht gefunden werden.
2025-04-29-13:48:05 | ERROR | org.oxt.toolbox.visualization.VisualizerImpl (VisualizerImpl.java:116) | cvc-elt.1.a: Deklaration des Elements "rsm:CrossIndustryInvoice" kann nicht gefunden werden.
2025-04-29-13:48:05 | ERROR | org.oxt.toolbox.visualization.VisualizerImpl (VisualizerImpl.java:116) | cvc-elt.1.a: Deklaration des Elements "rsm:CrossIndustryInvoice" kann nicht gefunden werden.
2025-04-29-14:02:02 | ERROR | org.oxt.toolbox.visualization.VisualizerImpl (VisualizerImpl.java:116) | cvc-elt.1.a: Deklaration des Elements "rsm:CrossIndustryInvoice" kann nicht gefunden werden.
2025-04-29-14:02:02 | ERROR | org.oxt.toolbox.visualization.VisualizerImpl (VisualizerImpl.java:116) | cvc-elt.1.a: Deklaration des Elements "rsm:CrossIndustryInvoice" kann nicht gefunden werden.
2025-04-29-14:03:32 | ERROR | org.oxt.toolbox.visualization.VisualizerImpl (VisualizerImpl.java:116) | cvc-elt.1.a: Deklaration des Elements "rsm:CrossIndustryInvoice" kann nicht gefunden werden.
2025-04-29-14:03:33 | ERROR | org.oxt.toolbox.visualization.VisualizerImpl (VisualizerImpl.java:116) | cvc-elt.1.a: Deklaration des Elements "rsm:CrossIndustryInvoice" kann nicht gefunden werden.
2025-04-29-14:04:25 | ERROR | org.oxt.toolbox.visualization.VisualizerImpl (VisualizerImpl.java:116) | cvc-elt.1.a: Deklaration des Elements "rsm:CrossIndustryInvoice" kann nicht gefunden werden.
2025-04-29-14:04:25 | ERROR | org.oxt.toolbox.visualization.VisualizerImpl (VisualizerImpl.java:116) | cvc-elt.1.a: Deklaration des Elements "rsm:CrossIndustryInvoice" kann nicht gefunden werden.
2025-04-29-14:10:10 | ERROR | org.oxt.toolbox.visualization.VisualizerImpl (VisualizerImpl.java:116) | cvc-elt.1.a: Deklaration des Elements "rsm:CrossIndustryInvoice" kann nicht gefunden werden.
2025-04-29-14:10:10 | ERROR | org.oxt.toolbox.visualization.VisualizerImpl (VisualizerImpl.java:116) | cvc-elt.1.a: Deklaration des Elements "rsm:CrossIndustryInvoice" kann nicht gefunden werden.
2025-04-29-14:11:43 | ERROR | org.oxt.toolbox.visualization.VisualizerImpl (VisualizerImpl.java:116) | cvc-elt.1.a: Deklaration des Elements "rsm:CrossIndustryInvoice" kann nicht gefunden werden.
2025-04-29-14:11:43 | ERROR | org.oxt.toolbox.visualization.VisualizerImpl (VisualizerImpl.java:116) | cvc-elt.1.a: Deklaration des Elements "rsm:CrossIndustryInvoice" kann nicht gefunden werden.
>>>>>>> 932e72d5d9362110aab162eadaa23d0e49bb5552
